<?xml version="1.0" encoding="UTF-8"?>
<!-- Generated by org.testng.reporters.JUnitReportReporter -->
<testsuite hostname="INLEN8520044946" failures="0" tests="1" name="testng.tessco.Orderplacementwithpurchaseplan" time="81.552" errors="0" timestamp="2023-12-14T22:51:20 IST" skipped="0">
  <testcase classname="testng.tessco.Orderplacementwithpurchaseplan" name="savedquotes" time="81.552"/>
  <system-out>
    <![CDATA[<br><br> 1. Launch the home page
<br><br><img src='../test-output/Output-screenshots/Homepage.png' width='800' height='400'>
<br><br> 2. user logged in successfully.
<br><br><img src='../test-output/Output-screenshots/userloggedin.png' width='800' height='400'>
<br><br> 3.User navigated to PLP page.
<br><br><img src='../test-output/Output-screenshots/filtersplp5.png' width='800' height='400'>
<br><br> 4.User able to give frequrncy values for selected product.
<br><br><img src='../test-output/Output-screenshots/frequencypopup3.png' width='800' height='400'>
<br><br> 5.User able to search product using search bar.
<br><br><img src='../test-output/Output-screenshots/searchplp.png' width='800' height='400'>
<br><br> 6.User should be able to navigate to cart page.
<br><br><img src='../test-output/Output-screenshots/cartpage3.png' width='800' height='400'>
<br><br> 7.User should be able to navigate to cart page.
<br><br><img src='../test-output/Output-screenshots/purchaseplan.png' width='800' height='400'>
<br><br> 8.User should be able to enter delivery instructions field.
<br><br><img src='../test-output/Output-screenshots/checkoutpage3.png' width='800' height='400'>
<br><br> 9.User should be able to select ship all items check box.
<br><br><img src='../test-output/Output-screenshots/shipitems.png' width='800' height='400'>
<br><br> 10.User should be able to enter P.O.Number and Credit card details radio button.
<br><br><img src='../test-output/Output-screenshots/shipitems3.png' width='800' height='400'>
<br><br> 11.User should be able to place order successfully using saved address and credit card Payment.
<br><br><img src='../test-output/Output-screenshots/placeorder3.png' width='800' height='400'>
<br><br> 12.User should be able to place order successfully using saved address and credit card Payment.
<br><br><img src='../test-output/Output-screenshots/APplaceorder3.png' width='800' height='400'>]]>
  </system-out>
</testsuite> <!-- testng.tessco.Orderplacementwithpurchaseplan -->
