<?xml version="1.0" encoding="UTF-8"?>
<!-- Generated by org.testng.reporters.JUnitReportReporter -->
<testsuite hostname="INLEN8520044946" failures="0" tests="1" name="testng.tessco.Billingnamechange" time="27.541" errors="0" timestamp="2023-12-12T16:43:01 IST" skipped="0">
  <testcase classname="testng.tessco.Billingnamechange" name="billingname" time="27.541"/>
  <system-out>
    <![CDATA[<br><br> 1. Launch the home page
<br><br><img src='../test-output/Output-screenshots/Homepage.png' width='800' height='400'>
<br><br> 2. Login to tessco application.
<br><br><img src='../test-output/Output-screenshots/Loginpage.png' width='800' height='400'>
<br><br> 3. Account menu should be displayed.
<br><br><img src='../test-output/Output-screenshots/Menupage.png' width='800' height='400'>
<br><br> 4. Billing name change page should be displayed.
<br><br><img src='../test-output/Output-screenshots/Menupage.png' width='800' height='400'>
<br><br> 5.Error message should be displayed for all fields.
<br><br><img src='../test-output/Output-screenshots/Error.png' width='800' height='400'>
<br><br> 6. User able to enter Company legal entity name and DBA values.
<br><br><img src='../test-output/Output-screenshots/image1.png' width='800' height='400'>
<br><br> 7. User able to enter first name, last name, email, phone an values.
<br><br><img src='../test-output/Output-screenshots/image2.png' width='800' height='400'>
<br><br> 8. Request submitted confirmation popup should be displayed.
<br><br><img src='../test-output/Output-screenshots/image3.png' width='800' height='400'>]]>
  </system-out>
</testsuite> <!-- testng.tessco.Billingnamechange -->
