<?xml version="1.0" encoding="UTF-8"?>
<!-- Generated by org.testng.reporters.JUnitReportReporter -->
<testsuite hostname="INLEN8520044946" failures="0" tests="1" name="testng.tessco.Testngdemo" time="0.015" errors="0" timestamp="2023-05-24T18:46:35 IST" skipped="0">
  <testcase classname="testng.tessco.Testngdemo" name="abc" time="0.015"/>
  <system-out/>
</testsuite> <!-- testng.tessco.Testngdemo -->
