<?xml version="1.0" encoding="UTF-8"?>
<!-- Generated by org.testng.reporters.JUnitReportReporter -->
<testsuite hostname="INLEN8520044946" failures="0" tests="1" name="testng.tessco.Orderplacementwithsavedaddress" time="74.893" errors="0" timestamp="2023-12-05T16:49:08 IST" skipped="0">
  <testcase classname="testng.tessco.Orderplacementwithsavedaddress" name="savedquotes" time="74.893"/>
  <system-out/>
</testsuite> <!-- testng.tessco.Orderplacementwithsavedaddress -->
