<?xml version="1.0" encoding="UTF-8"?>
<!-- Generated by org.testng.reporters.JUnitReportReporter -->
<testsuite hostname="INLEN8520044946" failures="0" tests="1" name="testng.tessco.Addresses" time="39.987" errors="0" timestamp="2023-12-12T16:43:01 IST" skipped="0">
  <testcase classname="testng.tessco.Addresses" name="switchaccounts" time="39.987"/>
  <system-out>
    <![CDATA[<br><br> 1. Launch the home page
<br><br><img src='../test-output/Output-screenshots/Homepage.png' width='800' height='400'>
<br><br> 2. Navigate to login page
<br><br><img src='../test-output/Output-screenshots/Loginpage.png' width='800' height='400'>
<br><br> 3. Enter Login credentials
<br><br><img src='../test-output/Output-screenshots/Logindetails.png' width='800' height='400'>
<br><br> 4. User able to login homepage
<br><br><img src='../test-output/Output-screenshots/Homepage1.png' width='800' height='400'>
<br><br> 5. Account menu should be displayed
<br><br><img src='../test-output/Output-screenshots/Accountmenu.png' width='800' height='400'>
<br><br> 6. Addresses page should be displayed
<br><br><img src='../test-output/Output-screenshots/Accountdropdown9.png' width='800' height='400'>
<br><br>7.Addresses page should be displayed
<br><br><img src='../test-output/Output-screenshots/fwpage9.png' width='800' height='400'
<br><br> 8. Addresses popup window should be displayed
<br><br><img src='../test-output/Output-screenshots/Tesscopage9.png' width='800' height='400'>
<br><br> 9. Addresses selection should be displayed.
<br><br><img src='../test-output/Output-screenshots/addressselecting.png' width='800' height='400'>
<br><br> 10. Default addresses should be displayed.
<br><br><img src='../test-output/Output-screenshots/addressselecting1.png' width='800' height='400'>
<br><br>7.Addresses page should be displayed
<br><br><img src='../test-output/Output-screenshots/fwpage1.png' width='800' height='400']]>
  </system-out>
</testsuite> <!-- testng.tessco.Addresses -->
