<?xml version="1.0" encoding="UTF-8"?>
<!-- Generated by org.testng.reporters.JUnitReportReporter -->
<testsuite hostname="INLEN8520044946" failures="0" tests="1" name="testng.tessco.Switchaccounts" time="36.218" errors="0" timestamp="2023-12-12T16:43:01 IST" skipped="0">
  <testcase classname="testng.tessco.Switchaccounts" name="switchaccounts" time="36.218"/>
  <system-out>
    <![CDATA[<br><br> 1. Launch the home page
<br><br><img src='../test-output/Output-screenshots/Homepage.png' width='800' height='400'>
<br><br> 2. Navigate to login page
<br><br><img src='../test-output/Output-screenshots/Loginpage.png' width='800' height='400'>
<br><br> 3. Enter Login credentials
<br><br><img src='../test-output/Output-screenshots/Logindetails.png' width='800' height='400'>
<br><br> 4. User able to login homepage
<br><br><img src='../test-output/Output-screenshots/Homepage1.png' width='800' height='400'>
<br><br> 5. Account menu should be displayed
<br><br><img src='../test-output/Output-screenshots/Accountmenu.png' width='800' height='400'>
<br><br> 6. Account dropdown should be displayed
<br><br><img src='../test-output/Output-screenshots/Accountdropdown.png' width='800' height='400'>
<br><br> 7. Tessco Homepage should be displayed
<br><br><img src='../test-output/Output-screenshots/Tesscopage.png' width='800' height='400'>]]>
  </system-out>
</testsuite> <!-- testng.tessco.Switchaccounts -->
