<?xml version="1.0" encoding="UTF-8"?>
<!-- Generated by org.testng.reporters.JUnitReportReporter -->
<testsuite hostname="INLEN8520044946" failures="0" tests="1" name="testng.tessco.Registration" time="62.776" errors="0" timestamp="2023-12-14T21:51:39 IST" skipped="0">
  <testcase classname="testng.tessco.Registration" name="registration" time="62.776"/>
  <system-out>
    <![CDATA[<br><br> 1. Launch the home page
<br><br><img src='../test-output/Output-screenshots/Homepage.png' width='800' height='400'>
<br><br>2. Login and Register page
<br><br><img src='../test-output/Output-screenshots/Logindetails.png' width='800' height='400'
<br><br>3. Registration page
<br><br><img src='../test-output/Output-screenshots/Registration.png' width='800' height='400'
<br><br>4. User able to select New Registration Button
<br><br><img src='../test-output/Output-screenshots/ClickRegister.png' width='800' height='400'
<br><br>5. User able to Enter Company legal entity name, country, Company Billing Address Line 1 and Company Billing Address Line 2
<br><br><img src='../test-output/Output-screenshots/Addressline2.png' width='800' height='400'
<br><br>6. User able to enter City, postal code, AP first name, AP last name, AP email and AP phone
<br><br><img src='../test-output/Output-screenshots/apphone.png' width='800' height='400'
<br><br>7. User able to enter First name, Last name, email, Phone, Tessco.com username, password and confirm password
<br><br><img src='../test-output/Output-screenshots/cnfpwd.png' width='800' height='400'
<br><br>7. User able to register successfully
<br><br><img src='../test-output/Output-screenshots/register5.png' width='800' height='400']]>
  </system-out>
</testsuite> <!-- testng.tessco.Registration -->
