<?xml version="1.0" encoding="UTF-8"?>
<!-- Generated by org.testng.reporters.JUnitReportReporter -->
<testsuite hostname="INLEN8520044946" failures="0" tests="1" name="testng.tessco.Searchfunctionality" time="25.891" errors="0" timestamp="2023-12-06T17:43:53 IST" skipped="0">
  <testcase classname="testng.tessco.Searchfunctionality" name="savedquotes" time="25.891"/>
  <system-out/>
</testsuite> <!-- testng.tessco.Searchfunctionality -->
