<?xml version="1.0" encoding="UTF-8"?>
<!-- Generated by org.testng.reporters.JUnitReportReporter -->
<testsuite hostname="INLEN8520044946" failures="0" tests="1" name="testng.tessco.Joinexisting" time="63.830" errors="0" timestamp="2023-12-12T16:38:31 IST" skipped="0">
  <testcase classname="testng.tessco.Joinexisting" name="joinexisting" time="63.830"/>
  <system-out>
    <![CDATA[<br><br> 1. Launch the home page
<br><br><img src='../test-output/Output-screenshots/Homepage.png' width='800' height='400'>
<br><br>2. Login and Register page
<br><br><img src='../test-output/Output-screenshots/Logindetails.png' width='800' height='400'
<br><br>3. Registration page
<br><br><img src='../test-output/Output-screenshots/Registration.png' width='800' height='400'
<br><br>4. User able to select Join existing Button
<br><br><img src='../test-output/Output-screenshots/joinexisting.png' width='800' height='400'
<br><br>5. User able to see join existing information 
<br><br><img src='../test-output/Output-screenshots/contiue.png' width='800' height='400'
<br><br>6. User should able to see error messages for all fields
<br><br><img src='../test-output/Output-screenshots/register.png' width='800' height='400'
<br><br>7. User should able to see error messages for wrong data fields
<br><br><img src='../test-output/Output-screenshots/register1.png' width='800' height='400'
<br><br>8. User able to enter First name, Last name, email, Phone, Tessco.com username, password and confirm password
<br><br><img src='../test-output/Output-screenshots/cnfpwd2.png' width='800' height='400'
<br><br>9. User able to register successfully
<br><br><img src='../test-output/Output-screenshots/register2.png' width='800' height='400']]>
  </system-out>
</testsuite> <!-- testng.tessco.Joinexisting -->
