<?xml version="1.0" encoding="UTF-8"?>
<!-- Generated by org.testng.reporters.JUnitReportReporter -->
<testsuite hostname="INLEN8520044946" failures="0" tests="1" name="testng.tessco.OrderplacementwithTAandAP" time="84.401" errors="0" timestamp="2023-12-14T22:51:20 IST" skipped="0">
  <testcase classname="testng.tessco.OrderplacementwithTAandAP" name="savedquotes" time="84.401"/>
  <system-out>
    <![CDATA[<br><br> 1. Launch the home page
<br><br><img src='../test-output/Output-screenshots/Homepage.png' width='800' height='400'>
<br><br> 2. user logged in successfully.
<br><br><img src='../test-output/Output-screenshots/userloggedin.png' width='800' height='400'>
<br><br> 3.User navigated to PLP page.
<br><br><img src='../test-output/Output-screenshots/filtersplp4.png' width='800' height='400'>
<br><br> 4.User able to give frequency values for selected product.
<br><br><img src='../test-output/Output-screenshots/frequencypopup2.png' width='800' height='400'>
<br><br> 5.User able to search product using search bar.
<br><br><img src='../test-output/Output-screenshots/searchplp.png' width='800' height='400'>
<br><br> 6.User should be able to navigate to cart page.
<br><br><img src='../test-output/Output-screenshots/cartpage5.png' width='800' height='400'>
<br><br> 7.User should be able to add new temporary address.
<br><br><img src='../test-output/Output-screenshots/tempadd.png' width='800' height='400'>
<br><br> 7.User should be able to enter delivery instructions field.
<br><br><img src='../test-output/Output-screenshots/checkoutpage4.png' width='800' height='400'>
<br><br> 8.User should be able to select ship all items check box.
<br><br><img src='../test-output/Output-screenshots/shipitems.png' width='800' height='400'>
<br><br> 9.User should be able to enter P.O.Number and Account payment radio button.
<br><br><img src='../test-output/Output-screenshots/shipitems5.png' width='800' height='400'>
<br><br> 9.User should be able to place order successfully using Temporary address and Account Payment.
<br><br><img src='../test-output/Output-screenshots/placeorder4.png' width='800' height='400'>
<br><br> 9.User should be able to place order successfully using Temporary address and Account Payment.
<br><br><img src='../test-output/Output-screenshots/APplaceorder2.png' width='800' height='400'>]]>
  </system-out>
</testsuite> <!-- testng.tessco.OrderplacementwithTAandAP -->
