<?xml version="1.0" encoding="UTF-8"?>
<!-- Generated by org.testng.reporters.JUnitReportReporter -->
<testsuite hostname="INLEN8520044946" failures="0" tests="1" name="testng.tessco.Orderhistorypage" time="65.190" errors="0" timestamp="2023-12-12T16:48:47 IST" skipped="0">
  <testcase classname="testng.tessco.Orderhistorypage" name="orderhistory" time="65.190"/>
  <system-out>
    <![CDATA[<br><br>1. User able to login homepage
<br><br><img src='../test-output/Output-screenshots/Homepage.png' width='800' height='400'
<br><br>2. Order history menu is displayed.
<br><br><img src='../test-output/Output-screenshots/Orderhistorypage.png' width='800' height='400'
<br><br>3. Download Order History.
<br><br><img src='../test-output/Output-screenshots/DownloadOH.png' width='800' height='400'
<br><br>4. Order history page.
<br><br><img src='../test-output/Output-screenshots/fwpage.png' width='800' height='400'
<br><br>5. Order history page.
<br><br><img src='../test-output/Output-screenshots/bdpage.png' width='800' height='400'
<br><br>6. Order details page.
<br><br><img src='../test-output/Output-screenshots/Orderdetails.png' width='800' height='400'
<br><br>7. Order details page.
<br><br><img src='../test-output/Output-screenshots/Orderdetails1.png' width='800' height='400'
<br><br>8. Return Items popup window.
<br><br><img src='../test-output/Output-screenshots/Returnitems.png' width='800' height='400'
<br><br>9. Return Items page.
<br><br><img src='../test-output/Output-screenshots/Downloadpdf.png' width='800' height='400'
<br><br>10. User able to navigate to cart page.
<br><br><img src='../test-output/Output-screenshots/purchaseagain.png' width='800' height='400'
<br><br>11. Search for an order.
<br><br><img src='../test-output/Output-screenshots/searchsku.png' width='800' height='400']]>
  </system-out>
</testsuite> <!-- testng.tessco.Orderhistorypage -->
