<?xml version="1.0" encoding="UTF-8"?>
<!-- Generated by org.testng.reporters.JUnitReportReporter -->
<testsuite hostname="INLEN8520044946" failures="0" tests="1" name="testng.tessco.Orderplacement" time="55.345" errors="0" timestamp="2023-12-05T16:13:29 IST" skipped="0">
  <testcase classname="testng.tessco.Orderplacement" name="savedquotes" time="55.345"/>
  <system-out/>
</testsuite> <!-- testng.tessco.Orderplacement -->
