<?xml version="1.0" encoding="UTF-8"?>
<!-- Generated by org.testng.reporters.JUnitReportReporter -->
<testsuite hostname="INLEN8520044946" failures="0" tests="1" name="testng.tessco.Savedquotes" time="130.846" errors="0" timestamp="2023-12-12T16:55:03 IST" skipped="0">
  <testcase classname="testng.tessco.Savedquotes" name="savedquotes" time="130.846"/>
  <system-out/>
</testsuite> <!-- testng.tessco.Savedquotes -->
